# JRE version: OpenJDK Runtime Environment (18.0.2.1+1) (build 18.0.2.1+1-1)
# Java VM: OpenJDK 64-Bit Server VM (18.0.2.1+1-1, mixed mode, sharing, tiered, compressed oops, compressed class ptrs, g1 gc, windows-amd64)
GC Precious Log:
 CardTable entry size: 512
 Card Set container configuration: InlinePtr #cards 5 size 8 Array Of Cards #cards 12 size 40 Howl #buckets 4 coarsen threshold 1843 Howl Bitmap #cards 512 size 80 coarsen threshold 460 Card regions per heap region 1 cards per card region 2048
 CPUs: 2 total, 2 available
 Memory: 8190M
 Large Page Support: Disabled
 NUMA Support: Disabled
 Compressed Oops: Enabled (32-bit)
 Heap Region Size: 1M
 Heap Min Capacity: 8M
 Heap Initial Capacity: 128M
 Heap Max Capacity: 2G
 Pre-touch: Disabled
 Parallel Workers: 2
 Concurrent Workers: 1
 Concurrent Refinement Workers: 2
 Periodic GC: Disabled
Heap:
 garbage-first heap   total 75776K, used 48774K [0x0000000080000000, 0x0000000100000000)
  region size 1024K, 35 young (35840K), 4 survivors (4096K)
 Metaspace       used 35320K, committed 35776K, reserved 1114112K
  class space    used 4188K, committed 4416K, reserved 1048576K
GC Heap History (20 events):
Event: 1.373 GC heap before
{Heap before GC invocations=1 (full 0):
 garbage-first heap   total 131072K, used 6952K [0x0000000080000000, 0x0000000100000000)
  region size 1024K, 6 young (6144K), 1 survivors (1024K)
 Metaspace       used 3619K, committed 3776K, reserved 1114112K
  class space    used 362K, committed 448K, reserved 1048576K
}
Event: 1.380 GC heap after
{Heap after GC invocations=2 (full 0):
 garbage-first heap   total 131072K, used 3989K [0x0000000080000000, 0x0000000100000000)
  region size 1024K, 1 young (1024K), 1 survivors (1024K)
 Metaspace       used 3619K, committed 3776K, reserved 1114112K
  class space    used 362K, committed 448K, reserved 1048576K
}
Event: 2.085 GC heap before
{Heap before GC invocations=2 (full 0):
 garbage-first heap   total 131072K, used 12181K [0x0000000080000000, 0x0000000100000000)
  region size 1024K, 9 young (9216K), 1 survivors (1024K)
 Metaspace       used 5954K, committed 6144K, reserved 1114112K
  class space    used 660K, committed 768K, reserved 1048576K
}
Event: 2.090 GC heap after
{Heap after GC invocations=3 (full 0):
 garbage-first heap   total 131072K, used 4705K [0x0000000080000000, 0x0000000100000000)
  region size 1024K, 2 young (2048K), 2 survivors (2048K)
 Metaspace       used 5954K, committed 6144K, reserved 1114112K
  class space    used 660K, committed 768K, reserved 1048576K
}
Event: 5.020 GC heap before
{Heap before GC invocations=3 (full 0):
 garbage-first heap   total 131072K, used 57953K [0x0000000080000000, 0x0000000100000000)
  region size 1024K, 55 young (56320K), 2 survivors (2048K)
 Metaspace       used 17581K, committed 17856K, reserved 1114112K
  class space    used 2097K, committed 2240K, reserved 1048576K
}
Event: 5.036 GC heap after
{Heap after GC invocations=4 (full 0):
 garbage-first heap   total 131072K, used 8085K [0x0000000080000000, 0x0000000100000000)
  region size 1024K, 5 young (5120K), 5 survivors (5120K)
 Metaspace       used 17581K, committed 17856K, reserved 1114112K
  class space    used 2097K, committed 2240K, reserved 1048576K
}
Event: 5.925 GC heap before
{Heap before GC invocations=4 (full 0):
 garbage-first heap   total 131072K, used 27541K [0x0000000080000000, 0x0000000100000000)
  region size 1024K, 25 young (25600K), 5 survivors (5120K)
 Metaspace       used 21270K, committed 21504K, reserved 1114112K
  class space    used 2560K, committed 2688K, reserved 1048576K
}
Event: 5.942 GC heap after
{Heap after GC invocations=5 (full 0):
 garbage-first heap   total 131072K, used 9923K [0x0000000080000000, 0x0000000100000000)
  region size 1024K, 7 young (7168K), 7 survivors (7168K)
 Metaspace       used 21270K, committed 21504K, reserved 1114112K
  class space    used 2560K, committed 2688K, reserved 1048576K
}
Event: 6.659 GC heap before
{Heap before GC invocations=6 (full 0):
 garbage-first heap   total 37888K, used 25283K [0x0000000080000000, 0x0000000100000000)
  region size 1024K, 22 young (22528K), 7 survivors (7168K)
 Metaspace       used 23988K, committed 24256K, reserved 1114112K
  class space    used 2889K, committed 3008K, reserved 1048576K
}
Event: 6.682 GC heap after
{Heap after GC invocations=7 (full 0):
 garbage-first heap   total 37888K, used 11507K [0x0000000080000000, 0x0000000100000000)
  region size 1024K, 2 young (2048K), 2 survivors (2048K)
 Metaspace       used 23988K, committed 24256K, reserved 1114112K
  class space    used 2889K, committed 3008K, reserved 1048576K
}
Event: 6.716 GC heap before
{Heap before GC invocations=7 (full 0):
 garbage-first heap   total 37888K, used 12531K [0x0000000080000000, 0x0000000100000000)
  region size 1024K, 3 young (3072K), 2 survivors (2048K)
 Metaspace       used 24107K, committed 24448K, reserved 1114112K
  class space    used 2914K, committed 3072K, reserved 1048576K
}
Event: 6.727 GC heap after
{Heap after GC invocations=8 (full 0):
 garbage-first heap   total 37888K, used 11394K [0x0000000080000000, 0x0000000100000000)
  region size 1024K, 1 young (1024K), 1 survivors (1024K)
 Metaspace       used 24107K, committed 24448K, reserved 1114112K
  class space    used 2914K, committed 3072K, reserved 1048576K
}
Event: 7.106 GC heap before
{Heap before GC invocations=8 (full 0):
 garbage-first heap   total 37888K, used 25730K [0x0000000080000000, 0x0000000100000000)
  region size 1024K, 16 young (16384K), 1 survivors (1024K)
 Metaspace       used 25251K, committed 25536K, reserved 1114112K
  class space    used 3075K, committed 3200K, reserved 1048576K
}
Event: 7.112 GC heap after
{Heap after GC invocations=9 (full 0):
 garbage-first heap   total 75776K, used 12385K [0x0000000080000000, 0x0000000100000000)
  region size 1024K, 2 young (2048K), 2 survivors (2048K)
 Metaspace       used 25251K, committed 25536K, reserved 1114112K
  class space    used 3075K, committed 3200K, reserved 1048576K
}
Event: 8.298 GC heap before
{Heap before GC invocations=9 (full 0):
 garbage-first heap   total 75776K, used 55393K [0x0000000080000000, 0x0000000100000000)
  region size 1024K, 44 young (45056K), 2 survivors (2048K)
 Metaspace       used 29678K, committed 30080K, reserved 1114112K
  class space    used 3527K, committed 3712K, reserved 1048576K
}
Event: 8.310 GC heap after
{Heap after GC invocations=10 (full 0):
 garbage-first heap   total 75776K, used 14316K [0x0000000080000000, 0x0000000100000000)
  region size 1024K, 4 young (4096K), 4 survivors (4096K)
 Metaspace       used 29678K, committed 30080K, reserved 1114112K
  class space    used 3527K, committed 3712K, reserved 1048576K
}
Event: 8.961 GC heap before
{Heap before GC invocations=10 (full 0):
 garbage-first heap   total 75776K, used 55276K [0x0000000080000000, 0x0000000100000000)
  region size 1024K, 44 young (45056K), 4 survivors (4096K)
 Metaspace       used 30861K, committed 31360K, reserved 1114112K
  class space    used 3670K, committed 3904K, reserved 1048576K
}
Event: 8.976 GC heap after
{Heap after GC invocations=11 (full 0):
 garbage-first heap   total 75776K, used 16400K [0x0000000080000000, 0x0000000100000000)
  region size 1024K, 5 young (5120K), 5 survivors (5120K)
 Metaspace       used 30861K, committed 31360K, reserved 1114112K
  class space    used 3670K, committed 3904K, reserved 1048576K
}
Event: 9.632 GC heap before
{Heap before GC invocations=11 (full 0):
 garbage-first heap   total 75776K, used 56336K [0x0000000080000000, 0x0000000100000000)
  region size 1024K, 44 young (45056K), 5 survivors (5120K)
 Metaspace       used 32448K, committed 32896K, reserved 1114112K
  class space    used 3873K, committed 4096K, reserved 1048576K
}
Event: 9.652 GC heap after
{Heap after GC invocations=12 (full 0):
 garbage-first heap   total 75776K, used 18054K [0x0000000080000000, 0x0000000100000000)
  region size 1024K, 4 young (4096K), 4 survivors (4096K)
 Metaspace       used 32448K, committed 32896K, reserved 1114112K
  class space    used 3873K, committed 4096K, reserved 1048576K
}

